<?xml version="1.0" encoding="UTF-8"?>
<!-- Generated by org.testng.reporters.JUnitReportReporter -->
<testsuite hostname="DESKTOP-JARKCNU" failures="0" tests="1" name="Demo.Test4" time="131.107" errors="0" timestamp="2022-06-18T22:59:23 AST" skipped="0">
  <testcase classname="Demo.Test4" name="test4" time="131.107"/>
  <system-out/>
</testsuite> <!-- Demo.Test4 -->
