<?xml version="1.0" encoding="UTF-8"?>
<!-- Generated by org.testng.reporters.JUnitReportReporter -->
<testsuite hostname="DESKTOP-JARKCNU" failures="0" tests="2" name="Demo.TestNGignoredemo" time="0.052" errors="0" timestamp="2022-06-15T19:57:28 AST" skipped="0">
  <testcase classname="Demo.TestNGignoredemo" name="test2" time="0.008"/>
  <system-out/>
  <testcase classname="Demo.TestNGignoredemo" name="test1" time="0.044"/>
  <system-out/>
</testsuite> <!-- Demo.TestNGignoredemo -->
