<?xml version="1.0" encoding="UTF-8"?>
<!-- Generated by org.testng.reporters.JUnitReportReporter -->
<testsuite hostname="DESKTOP-JARKCNU" failures="0" tests="3" name="Demo.TestNGPriorityDemo" time="0.073" errors="0" timestamp="2022-06-12T16:40:50 AST" skipped="0">
  <testcase classname="Demo.TestNGPriorityDemo" name="one" time="0.049"/>
  <system-out/>
  <testcase classname="Demo.TestNGPriorityDemo" name="two" time="0.011"/>
  <system-out/>
  <testcase classname="Demo.TestNGPriorityDemo" name="three" time="0.013"/>
  <system-out/>
</testsuite> <!-- Demo.TestNGPriorityDemo -->
