<?xml version="1.0" encoding="UTF-8"?>
<!-- Generated by org.testng.reporters.JUnitReportReporter -->
<testsuite hostname="DESKTOP-JARKCNU" failures="0" tests="2" name="test.ExtentreportsdemowithTestNG" time="7.529" errors="0" timestamp="2022-06-04T01:51:51 AST" skipped="0">
  <testcase classname="test.ExtentreportsdemowithTestNG" name="test1" time="7.516"/>
  <system-out/>
  <testcase classname="test.ExtentreportsdemowithTestNG" name="test2" time="0.013"/>
  <system-out/>
</testsuite> <!-- test.ExtentreportsdemowithTestNG -->
