<?xml version="1.0" encoding="UTF-8"?>
<!-- Generated by org.testng.reporters.JUnitReportReporter -->
<testsuite hostname="DESKTOP-JARKCNU" failures="0" tests="4" name="Demo.TestNGgroupsdemo" time="0.111" errors="0" timestamp="2022-06-16T01:32:47 AST" skipped="0">
  <testcase classname="Demo.TestNGgroupsdemo" name="test4" time="0.016"/>
  <system-out/>
  <testcase classname="Demo.TestNGgroupsdemo" name="test2" time="0.015"/>
  <system-out/>
  <testcase classname="Demo.TestNGgroupsdemo" name="test3" time="0.015"/>
  <system-out/>
  <testcase classname="Demo.TestNGgroupsdemo" name="test1" time="0.065"/>
  <system-out/>
</testsuite> <!-- Demo.TestNGgroupsdemo -->
