<?xml version="1.0" encoding="UTF-8"?>
<!-- Generated by org.testng.reporters.JUnitReportReporter -->
<testsuite hostname="DESKTOP-JARKCNU" failures="0" tests="3" name="utills.Exceldataprovider" time="29.284" errors="0" timestamp="2022-06-11T05:16:17 AST" skipped="0">
  <testcase classname="utills.Exceldataprovider" name="test1" time="8.139"/>
  <system-out/>
  <testcase classname="utills.Exceldataprovider" name="test1" time="9.854"/>
  <system-out/>
  <testcase classname="utills.Exceldataprovider" name="test1" time="11.291"/>
  <system-out/>
</testsuite> <!-- utills.Exceldataprovider -->
