<?xml version="1.0" encoding="UTF-8"?>
<!-- Generated by org.testng.reporters.JUnitReportReporter -->
<testsuite hostname="DESKTOP-JARKCNU" failures="0" tests="1" name="Demo.Test1" time="31.595" errors="0" timestamp="2022-06-17T22:55:58 AST" skipped="0">
  <testcase classname="Demo.Test1" name="test1" time="31.595"/>
  <system-out/>
</testsuite> <!-- Demo.Test1 -->
