<?xml version="1.0" encoding="UTF-8"?>
<!-- Generated by org.testng.reporters.JUnitReportReporter -->
<testsuite hostname="DESKTOP-JARKCNU" failures="0" tests="1" name="Demo.TestNGparametersdemo" time="0.051" errors="0" timestamp="2022-06-15T00:06:54 AST" skipped="0">
  <testcase classname="Demo.TestNGparametersdemo" name="test" time="0.051"/>
  <system-out/>
</testsuite> <!-- Demo.TestNGparametersdemo -->
