<?xml version="1.0" encoding="UTF-8"?>
<!-- Generated by org.testng.reporters.JUnitReportReporter -->
<testsuite hostname="DESKTOP-JARKCNU" failures="0" tests="1" name="test.TestNG_demo2" time="105.147" errors="0" timestamp="2022-06-06T01:36:10 AST" skipped="0">
  <testcase classname="test.TestNG_demo2" name="googlesearch3" time="105.147"/>
  <system-out/>
</testsuite> <!-- test.TestNG_demo2 -->
