<?xml version="1.0" encoding="UTF-8"?>
<!-- Generated by org.testng.reporters.JUnitReportReporter -->
<testsuite hostname="DESKTOP-JARKCNU" failures="0" tests="1" name="test.TestNG_demo" time="26.963" errors="0" timestamp="2022-06-09T03:47:13 AST" skipped="0">
  <testcase classname="test.TestNG_demo" name="googlesearch" time="26.963"/>
  <system-out/>
</testsuite> <!-- test.TestNG_demo -->
