<?xml version="1.0" encoding="UTF-8"?>
<!-- Generated by org.testng.reporters.JUnitReportReporter -->
<testsuite hostname="DESKTOP-JARKCNU" failures="0" tests="3" name="listeners.TestNGlistenersdemo2" time="0.017" errors="0" timestamp="2022-06-12T04:43:24 AST" skipped="1">
  <testcase classname="listeners.TestNGlistenersdemo2" name="test6" time="0.009">
    <skipped/>
  </testcase> <!-- test6 -->
  <system-out/>
  <testcase classname="listeners.TestNGlistenersdemo2" name="test5" time="0.003"/>
  <system-out/>
  <testcase classname="listeners.TestNGlistenersdemo2" name="test4" time="0.005"/>
  <system-out/>
</testsuite> <!-- listeners.TestNGlistenersdemo2 -->
