<?xml version="1.0" encoding="UTF-8"?>
<!-- Generated by org.testng.reporters.JUnitReportReporter -->
<testsuite hostname="DESKTOP-JARKCNU" failures="0" tests="3" name="Demo.TestNGDependencydemo" time="0.064" errors="0" timestamp="2022-06-15T02:23:35 AST" skipped="0">
  <testcase classname="Demo.TestNGDependencydemo" name="test1" time="0.008"/>
  <system-out/>
  <testcase classname="Demo.TestNGDependencydemo" name="test2" time="0.051"/>
  <system-out/>
  <testcase classname="Demo.TestNGDependencydemo" name="test3" time="0.005"/>
  <system-out/>
</testsuite> <!-- Demo.TestNGDependencydemo -->
